f:\classes\structure of game design\sgdgameproject_25de55d3-b926-414e-9c3a-2c4409d8e62f\code\debug\vc120.pdb
f:\classes\structure of game design\sgdgameproject_25de55d3-b926-414e-9c3a-2c4409d8e62f\code\debug\vc120.idb
f:\classes\structure of game design\sgdgameproject_25de55d3-b926-414e-9c3a-2c4409d8e62f\code\debug\entity.obj
f:\classes\structure of game design\sgdgameproject_25de55d3-b926-414e-9c3a-2c4409d8e62f\code\debug\entitymanager.obj
f:\classes\structure of game design\sgdgameproject_25de55d3-b926-414e-9c3a-2c4409d8e62f\code\debug\game.obj
f:\classes\structure of game design\sgdgameproject_25de55d3-b926-414e-9c3a-2c4409d8e62f\code\debug\gameovermessage.obj
f:\classes\structure of game design\sgdgameproject_25de55d3-b926-414e-9c3a-2c4409d8e62f\code\debug\gameplaystate.obj
f:\classes\structure of game design\sgdgameproject_25de55d3-b926-414e-9c3a-2c4409d8e62f\code\debug\ground.obj
f:\classes\structure of game design\sgdgameproject_25de55d3-b926-414e-9c3a-2c4409d8e62f\code\debug\hero.obj
f:\classes\structure of game design\sgdgameproject_25de55d3-b926-414e-9c3a-2c4409d8e62f\code\debug\howtoplaystate.obj
f:\classes\structure of game design\sgdgameproject_25de55d3-b926-414e-9c3a-2c4409d8e62f\code\debug\introstate.obj
f:\classes\structure of game design\sgdgameproject_25de55d3-b926-414e-9c3a-2c4409d8e62f\code\debug\main.obj
f:\classes\structure of game design\sgdgameproject_25de55d3-b926-414e-9c3a-2c4409d8e62f\code\debug\mainmenustate.obj
f:\classes\structure of game design\sgdgameproject_25de55d3-b926-414e-9c3a-2c4409d8e62f\code\debug\mountain.obj
f:\classes\structure of game design\sgdgameproject_25de55d3-b926-414e-9c3a-2c4409d8e62f\code\debug\optionsstate.obj
f:\classes\structure of game design\sgdgameproject_25de55d3-b926-414e-9c3a-2c4409d8e62f\code\debug\orc.obj
f:\classes\structure of game design\sgdgameproject_25de55d3-b926-414e-9c3a-2c4409d8e62f\code\debug\orcbow.obj
f:\classes\structure of game design\sgdgameproject_25de55d3-b926-414e-9c3a-2c4409d8e62f\code\debug\pausemenu.obj
f:\classes\structure of game design\sgdgameproject_25de55d3-b926-414e-9c3a-2c4409d8e62f\code\debug\plant.obj
f:\classes\structure of game design\sgdgameproject_25de55d3-b926-414e-9c3a-2c4409d8e62f\code\debug\slashmessage.obj
f:\classes\structure of game design\sgdgameproject_25de55d3-b926-414e-9c3a-2c4409d8e62f\code\debug\statorb.obj
f:\classes\structure of game design\sgdgameproject_25de55d3-b926-414e-9c3a-2c4409d8e62f\code\debug\tree.obj
f:\classes\structure of game design\sgdgameproject_25de55d3-b926-414e-9c3a-2c4409d8e62f\code\debug\sgd_geometry.obj
f:\classes\structure of game design\sgdgameproject_25de55d3-b926-414e-9c3a-2c4409d8e62f\code\debug\sgd_graphicsmanager.obj
f:\classes\structure of game design\sgdgameproject_25de55d3-b926-414e-9c3a-2c4409d8e62f\code\debug\sgd_ilistener.obj
f:\classes\structure of game design\sgdgameproject_25de55d3-b926-414e-9c3a-2c4409d8e62f\code\debug\sgd_inputmanager.obj
f:\classes\structure of game design\sgdgameproject_25de55d3-b926-414e-9c3a-2c4409d8e62f\code\debug\sgd_message.obj
f:\classes\structure of game design\sgdgameproject_25de55d3-b926-414e-9c3a-2c4409d8e62f\code\debug\sgd_messagemanager.obj
f:\classes\structure of game design\sgdgameproject_25de55d3-b926-414e-9c3a-2c4409d8e62f\code\debug\sgd_utilities.obj
f:\classes\structure of game design\sgdgameproject_25de55d3-b926-414e-9c3a-2c4409d8e62f\code\debug\addscoremessage.obj
f:\classes\structure of game design\sgdgameproject_25de55d3-b926-414e-9c3a-2c4409d8e62f\code\debug\anchorpointanimation.obj
f:\classes\structure of game design\sgdgameproject_25de55d3-b926-414e-9c3a-2c4409d8e62f\code\debug\arrow.obj
f:\classes\structure of game design\sgdgameproject_25de55d3-b926-414e-9c3a-2c4409d8e62f\code\debug\bitmapfont.obj
f:\classes\structure of game design\sgdgameproject_25de55d3-b926-414e-9c3a-2c4409d8e62f\code\debug\bush.obj
f:\classes\structure of game design\sgdgameproject_25de55d3-b926-414e-9c3a-2c4409d8e62f\code\debug\cellanimation.obj
f:\classes\structure of game design\sgdgameproject_25de55d3-b926-414e-9c3a-2c4409d8e62f\code\debug\character.obj
f:\classes\structure of game design\sgdgameproject_25de55d3-b926-414e-9c3a-2c4409d8e62f\code\debug\cloud.obj
f:\classes\structure of game design\sgdgameproject_25de55d3-b926-414e-9c3a-2c4409d8e62f\code\debug\createarrowmessage.obj
f:\classes\structure of game design\sgdgameproject_25de55d3-b926-414e-9c3a-2c4409d8e62f\code\debug\createorcarrowmsg.obj
f:\classes\structure of game design\sgdgameproject_25de55d3-b926-414e-9c3a-2c4409d8e62f\code\debug\createorcmessage.obj
f:\classes\structure of game design\sgdgameproject_25de55d3-b926-414e-9c3a-2c4409d8e62f\code\debug\creditsstate.obj
f:\classes\structure of game design\sgdgameproject_25de55d3-b926-414e-9c3a-2c4409d8e62f\code\debug\destroyentitymessage.obj
f:\classes\structure of game design\sgdgameproject_25de55d3-b926-414e-9c3a-2c4409d8e62f\code\debug\sgd_audiomanager.obj
f:\classes\structure of game design\sgdgameproject_25de55d3-b926-414e-9c3a-2c4409d8e62f\code\debug\sgd_event.obj
f:\classes\structure of game design\sgdgameproject_25de55d3-b926-414e-9c3a-2c4409d8e62f\code\debug\sgd_eventmanager.obj
f:\classes\structure of game design\sgdgameproject_25de55d3-b926-414e-9c3a-2c4409d8e62f\code\debug\sgd game project.ilk
f:\classes\structure of game design\sgdgameproject_25de55d3-b926-414e-9c3a-2c4409d8e62f\code\debug\sgd game project.exe
f:\classes\structure of game design\sgdgameproject_25de55d3-b926-414e-9c3a-2c4409d8e62f\code\debug\sgd game project.pdb
f:\classes\structure of game design\sgdgameproject_25de55d3-b926-414e-9c3a-2c4409d8e62f\code\debug\sgd game project.tlog\cl.command.1.tlog
f:\classes\structure of game design\sgdgameproject_25de55d3-b926-414e-9c3a-2c4409d8e62f\code\debug\sgd game project.tlog\cl.read.1.tlog
f:\classes\structure of game design\sgdgameproject_25de55d3-b926-414e-9c3a-2c4409d8e62f\code\debug\sgd game project.tlog\cl.write.1.tlog
f:\classes\structure of game design\sgdgameproject_25de55d3-b926-414e-9c3a-2c4409d8e62f\code\debug\sgd game project.tlog\link.command.1.tlog
f:\classes\structure of game design\sgdgameproject_25de55d3-b926-414e-9c3a-2c4409d8e62f\code\debug\sgd game project.tlog\link.read.1.tlog
f:\classes\structure of game design\sgdgameproject_25de55d3-b926-414e-9c3a-2c4409d8e62f\code\debug\sgd game project.tlog\link.write.1.tlog
