f:\classes\structure of game design\sgdgameproject_25de55d3-b926-414e-9c3a-2c4409d8e62f\code\release\vc120.pdb
f:\classes\structure of game design\sgdgameproject_25de55d3-b926-414e-9c3a-2c4409d8e62f\code\release\createorcmessage.obj
f:\classes\structure of game design\sgdgameproject_25de55d3-b926-414e-9c3a-2c4409d8e62f\code\release\createarrowmessage.obj
f:\classes\structure of game design\sgdgameproject_25de55d3-b926-414e-9c3a-2c4409d8e62f\code\release\cloud.obj
f:\classes\structure of game design\sgdgameproject_25de55d3-b926-414e-9c3a-2c4409d8e62f\code\release\character.obj
f:\classes\structure of game design\sgdgameproject_25de55d3-b926-414e-9c3a-2c4409d8e62f\code\release\cellanimation.obj
f:\classes\structure of game design\sgdgameproject_25de55d3-b926-414e-9c3a-2c4409d8e62f\code\release\bush.obj
f:\classes\structure of game design\sgdgameproject_25de55d3-b926-414e-9c3a-2c4409d8e62f\code\release\bitmapfont.obj
f:\classes\structure of game design\sgdgameproject_25de55d3-b926-414e-9c3a-2c4409d8e62f\code\release\arrow.obj
f:\classes\structure of game design\sgdgameproject_25de55d3-b926-414e-9c3a-2c4409d8e62f\code\release\anchorpointanimation.obj
f:\classes\structure of game design\sgdgameproject_25de55d3-b926-414e-9c3a-2c4409d8e62f\code\release\addscoremessage.obj
f:\classes\structure of game design\sgdgameproject_25de55d3-b926-414e-9c3a-2c4409d8e62f\code\release\sgd_utilities.obj
f:\classes\structure of game design\sgdgameproject_25de55d3-b926-414e-9c3a-2c4409d8e62f\code\release\sgd_messagemanager.obj
f:\classes\structure of game design\sgdgameproject_25de55d3-b926-414e-9c3a-2c4409d8e62f\code\release\sgd_message.obj
f:\classes\structure of game design\sgdgameproject_25de55d3-b926-414e-9c3a-2c4409d8e62f\code\release\sgd_inputmanager.obj
f:\classes\structure of game design\sgdgameproject_25de55d3-b926-414e-9c3a-2c4409d8e62f\code\release\sgd_ilistener.obj
f:\classes\structure of game design\sgdgameproject_25de55d3-b926-414e-9c3a-2c4409d8e62f\code\release\sgd_graphicsmanager.obj
f:\classes\structure of game design\sgdgameproject_25de55d3-b926-414e-9c3a-2c4409d8e62f\code\release\sgd_geometry.obj
f:\classes\structure of game design\sgdgameproject_25de55d3-b926-414e-9c3a-2c4409d8e62f\code\release\sgd_eventmanager.obj
f:\classes\structure of game design\sgdgameproject_25de55d3-b926-414e-9c3a-2c4409d8e62f\code\release\sgd_event.obj
f:\classes\structure of game design\sgdgameproject_25de55d3-b926-414e-9c3a-2c4409d8e62f\code\release\sgd_audiomanager.obj
f:\classes\structure of game design\sgdgameproject_25de55d3-b926-414e-9c3a-2c4409d8e62f\code\release\tree.obj
f:\classes\structure of game design\sgdgameproject_25de55d3-b926-414e-9c3a-2c4409d8e62f\code\release\statorb.obj
f:\classes\structure of game design\sgdgameproject_25de55d3-b926-414e-9c3a-2c4409d8e62f\code\release\slashmessage.obj
f:\classes\structure of game design\sgdgameproject_25de55d3-b926-414e-9c3a-2c4409d8e62f\code\release\plant.obj
f:\classes\structure of game design\sgdgameproject_25de55d3-b926-414e-9c3a-2c4409d8e62f\code\release\orc.obj
f:\classes\structure of game design\sgdgameproject_25de55d3-b926-414e-9c3a-2c4409d8e62f\code\release\mountain.obj
f:\classes\structure of game design\sgdgameproject_25de55d3-b926-414e-9c3a-2c4409d8e62f\code\release\main.obj
f:\classes\structure of game design\sgdgameproject_25de55d3-b926-414e-9c3a-2c4409d8e62f\code\release\hero.obj
f:\classes\structure of game design\sgdgameproject_25de55d3-b926-414e-9c3a-2c4409d8e62f\code\release\ground.obj
f:\classes\structure of game design\sgdgameproject_25de55d3-b926-414e-9c3a-2c4409d8e62f\code\release\game.obj
f:\classes\structure of game design\sgdgameproject_25de55d3-b926-414e-9c3a-2c4409d8e62f\code\release\entitymanager.obj
f:\classes\structure of game design\sgdgameproject_25de55d3-b926-414e-9c3a-2c4409d8e62f\code\release\entity.obj
f:\classes\structure of game design\sgdgameproject_25de55d3-b926-414e-9c3a-2c4409d8e62f\code\release\destroyentitymessage.obj
f:\classes\structure of game design\sgdgameproject_25de55d3-b926-414e-9c3a-2c4409d8e62f\code\release\mainmenustate.obj
f:\classes\structure of game design\sgdgameproject_25de55d3-b926-414e-9c3a-2c4409d8e62f\code\release\gameplaystate.obj
f:\classes\structure of game design\sgdgameproject_25de55d3-b926-414e-9c3a-2c4409d8e62f\code\release\orcbow.obj
f:\classes\structure of game design\sgdgameproject_25de55d3-b926-414e-9c3a-2c4409d8e62f\code\release\createorcarrowmsg.obj
f:\classes\structure of game design\sgdgameproject_25de55d3-b926-414e-9c3a-2c4409d8e62f\code\release\pausemenu.obj
f:\classes\structure of game design\sgdgameproject_25de55d3-b926-414e-9c3a-2c4409d8e62f\code\release\gameovermessage.obj
f:\classes\structure of game design\sgdgameproject_25de55d3-b926-414e-9c3a-2c4409d8e62f\code\release\howtoplaystate.obj
f:\classes\structure of game design\sgdgameproject_25de55d3-b926-414e-9c3a-2c4409d8e62f\code\release\creditsstate.obj
f:\classes\structure of game design\sgdgameproject_25de55d3-b926-414e-9c3a-2c4409d8e62f\code\release\sgd game project.exe
f:\classes\structure of game design\sgdgameproject_25de55d3-b926-414e-9c3a-2c4409d8e62f\code\release\sgd game project.pdb
f:\classes\structure of game design\sgdgameproject_25de55d3-b926-414e-9c3a-2c4409d8e62f\code\release\sgd game project.tlog\cl.command.1.tlog
f:\classes\structure of game design\sgdgameproject_25de55d3-b926-414e-9c3a-2c4409d8e62f\code\release\sgd game project.tlog\cl.read.1.tlog
f:\classes\structure of game design\sgdgameproject_25de55d3-b926-414e-9c3a-2c4409d8e62f\code\release\sgd game project.tlog\cl.write.1.tlog
f:\classes\structure of game design\sgdgameproject_25de55d3-b926-414e-9c3a-2c4409d8e62f\code\release\sgd game project.tlog\link.command.1.tlog
f:\classes\structure of game design\sgdgameproject_25de55d3-b926-414e-9c3a-2c4409d8e62f\code\release\sgd game project.tlog\link.read.1.tlog
f:\classes\structure of game design\sgdgameproject_25de55d3-b926-414e-9c3a-2c4409d8e62f\code\release\sgd game project.tlog\link.write.1.tlog
